TN:
SF:script/Auctions/Deploy.s.sol
FN:12,Deploy.run
FNDA:0,Deploy.run
DA:13,0
DA:14,0
DA:19,0
DA:21,0
FNF:1
FNH:0
LF:4
LH:0
BRF:0
BRH:0
end_of_record
TN:
SF:script/Auctions/DeployTestnet.s.sol
FN:10,DeployTestnet.run
FNDA:0,DeployTestnet.run
DA:11,0
DA:12,0
DA:14,0
DA:15,0
DA:16,0
DA:17,0
DA:18,0
DA:20,0
FNF:1
FNH:0
LF:8
LH:0
BRF:0
BRH:0
end_of_record
TN:
SF:script/BidTicket/Deploy.s.sol
FN:10,Deploy.run
FNDA:0,Deploy.run
DA:11,0
DA:12,0
DA:13,0
DA:15,0
DA:17,0
DA:18,0
DA:19,0
DA:20,0
DA:21,0
DA:22,0
DA:24,0
FNF:1
FNH:0
LF:11
LH:0
BRF:0
BRH:0
end_of_record
TN:
SF:script/BidTicket/DeployTestnet.s.sol
FN:10,DeployTestnet.run
FNDA:0,DeployTestnet.run
DA:11,0
DA:13,0
DA:15,0
DA:16,0
DA:17,0
DA:18,0
DA:20,0
FNF:1
FNH:0
LF:7
LH:0
BRF:0
BRH:0
end_of_record
TN:
SF:script/DeployAll.s.sol
FN:11,DeployAll.run
FNDA:0,DeployAll.run
DA:12,0
DA:13,0
DA:14,0
DA:16,0
DA:17,0
DA:18,0
FNF:1
FNH:0
LF:6
LH:0
BRF:0
BRH:0
end_of_record
TN:
SF:script/DeployAllTestnet.s.sol
FN:11,DeployAll.run
FNDA:0,DeployAll.run
DA:12,0
DA:13,0
DA:14,0
DA:16,0
DA:17,0
DA:18,0
FNF:1
FNH:0
LF:6
LH:0
BRF:0
BRH:0
end_of_record
TN:
SF:script/DeployMockNFTs.s.sol
FN:12,DeployMockNFTs.run
FNDA:0,DeployMockNFTs.run
DA:13,0
DA:15,0
DA:16,0
DA:17,0
DA:18,0
DA:20,0
DA:21,0
DA:22,0
DA:23,0
DA:25,0
FNF:1
FNH:0
LF:10
LH:0
BRF:0
BRH:0
end_of_record
TN:
SF:script/Factory.s.sol
FN:15,Factory.deploy
FNDA:0,Factory.deploy
DA:16,0
DA:17,0
DA:19,0
DA:21,0
DA:22,0
DA:24,0
DA:25,0
DA:26,0
DA:29,0
FNF:1
FNH:0
LF:9
LH:0
BRF:0
BRH:0
end_of_record
TN:
SF:script/Harvest/Deploy.s.sol
FN:12,Deploy.run
FNDA:0,Deploy.run
DA:13,0
DA:14,0
DA:19,0
DA:21,0
FNF:1
FNH:0
LF:4
LH:0
BRF:0
BRH:0
end_of_record
TN:
SF:script/Harvest/DeployTestnet.s.sol
FN:10,DeployTestnet.run
FNDA:0,DeployTestnet.run
DA:11,0
FNF:1
FNH:0
LF:1
LH:0
BRF:0
BRH:0
end_of_record
TN:
SF:src/Auctions.sol
FN:100,Auctions.
FNDA:0,Auctions.
DA:106,0
DA:107,0
DA:108,0
DA:109,0
FN:121,Auctions.startAuctionERC721
FNDA:823,Auctions.startAuctionERC721
DA:126,823
DA:127,822
DA:128,821
DA:130,820
DA:132,820
DA:134,820
DA:135,820
DA:136,820
DA:137,820
DA:138,820
DA:139,820
DA:140,820
DA:141,820
DA:143,820
DA:145,820
DA:146,2448
DA:150,820
DA:153,820
DA:155,820
DA:157,819
FN:170,Auctions.startAuctionERC1155
FNDA:9,Auctions.startAuctionERC1155
DA:176,9
DA:177,8
DA:178,7
DA:180,6
DA:182,6
DA:184,6
DA:185,6
DA:186,6
DA:187,6
DA:188,6
DA:189,6
DA:190,6
DA:191,6
DA:193,6
DA:194,6
DA:196,6
DA:197,26
DA:198,26
DA:202,6
DA:205,6
DA:207,6
DA:209,6
FN:219,Auctions.bid
FNDA:647,Auctions.bid
DA:220,647
DA:222,647
DA:223,647
DA:224,647
DA:225,644
DA:227,643
BRDA:227,10,0,1
DA:228,1
DA:231,643
DA:233,643
DA:234,643
DA:238,643
DA:241,643
BRDA:241,11,0,641
DA:242,641
DA:243,641
DA:247,643
DA:248,643
DA:251,643
DA:254,643
DA:255,643
DA:257,643
DA:259,643
FN:269,Auctions.claim
FNDA:278,Auctions.claim
DA:270,278
DA:272,278
DA:273,275
DA:274,274
DA:276,273
DA:278,273
DA:280,273
DA:282,273
DA:283,273
DA:285,273
BRDA:285,16,0,272
BRDA:285,16,1,1
DA:286,272
DA:288,1
FN:299,Auctions.refund
FNDA:10,Auctions.refund
DA:300,10
DA:301,10
DA:302,10
DA:304,10
DA:305,8
DA:306,7
DA:307,6
DA:309,5
DA:311,5
DA:313,5
BRDA:313,21,0,4
BRDA:313,21,1,1
DA:314,4
DA:316,1
DA:320,5
FN:331,Auctions.abandon
FNDA:9,Auctions.abandon
DA:332,9
DA:333,9
DA:334,9
DA:336,9
DA:337,6
DA:339,4
DA:341,4
BRDA:341,24,0,3
BRDA:341,24,1,1
DA:342,3
DA:344,1
DA:347,4
DA:350,4
DA:351,4
DA:354,4
DA:356,4
DA:357,4
FN:367,Auctions.withdraw
FNDA:100,Auctions.withdraw
DA:368,100
DA:370,100
DA:372,100
DA:374,100
DA:376,100
DA:377,100
FN:386,Auctions.getAuctionTokens
FNDA:2,Auctions.getAuctionTokens
DA:387,2
DA:389,2
DA:390,2
DA:392,2
DA:394,2
DA:395,6
DA:397,6
BRDA:397,28,0,-
BRDA:397,28,1,3
DA:398,3
DA:400,3
DA:404,2
FN:407,Auctions.getPendingRewards
FNDA:516,Auctions.getPendingRewards
DA:408,516
DA:410,516
DA:411,516
BRDA:411,29,0,516
DA:412,516
DA:416,516
FN:419,Auctions.getClaimedAuctions
FNDA:3,Auctions.getClaimedAuctions
DA:420,3
DA:421,3
DA:423,3
DA:424,13
BRDA:424,30,0,13
DA:425,13
DA:426,13
DA:431,3
DA:434,3
FN:437,Auctions.setBarnAddress
FNDA:2,Auctions.setBarnAddress
DA:438,1
FN:441,Auctions.setFarmerAddress
FNDA:0,Auctions.setFarmerAddress
DA:442,0
FN:445,Auctions.setBidTicketAddress
FNDA:2,Auctions.setBidTicketAddress
DA:446,1
FN:449,Auctions.setBidTicketTokenId
FNDA:2,Auctions.setBidTicketTokenId
DA:450,1
FN:453,Auctions.setBidTicketCostStart
FNDA:0,Auctions.setBidTicketCostStart
DA:454,0
FN:457,Auctions.setBidTicketCostBid
FNDA:0,Auctions.setBidTicketCostBid
DA:458,0
FN:461,Auctions.setMaxTokens
FNDA:9,Auctions.setMaxTokens
DA:462,8
FN:465,Auctions.setMinStartingBid
FNDA:1,Auctions.setMinStartingBid
DA:466,1
FN:469,Auctions.setMinBidIncrement
FNDA:3,Auctions.setMinBidIncrement
DA:470,3
FN:473,Auctions.setAuctionDuration
FNDA:2,Auctions.setAuctionDuration
DA:474,1
FN:477,Auctions.setSettlementDuration
FNDA:2,Auctions.setSettlementDuration
DA:478,1
FN:481,Auctions.setAntiSnipeDuration
FNDA:0,Auctions.setAntiSnipeDuration
DA:482,0
FN:485,Auctions.setAbandonmentFeePercent
FNDA:0,Auctions.setAbandonmentFeePercent
DA:486,0
DA:487,0
FN:490,Auctions.setOutbidRewardPercent
FNDA:264,Auctions.setOutbidRewardPercent
DA:491,264
DA:492,264
FN:501,Auctions._processPayment
FNDA:1469,Auctions._processPayment
DA:502,1469
DA:503,1469
DA:504,1469
DA:506,1469
BRDA:506,33,0,-
BRDA:506,33,1,1469
DA:507,0
DA:508,0
DA:510,1469
DA:511,1469
DA:514,1469
DA:516,1469
BRDA:516,35,0,7
DA:517,7
FN:521,Auctions._validateAuctionTokensERC721
FNDA:819,Auctions._validateAuctionTokensERC721
DA:522,819
DA:524,819
DA:526,819
DA:527,2443
DA:531,2442
DA:533,2442
FN:537,Auctions._validateAuctionTokensERC1155
FNDA:6,Auctions._validateAuctionTokensERC1155
DA:542,6
DA:543,6
DA:544,6
DA:545,6
DA:546,6
DA:547,6
DA:549,6
DA:551,6
DA:552,26
DA:553,26
DA:555,26
DA:556,26
DA:557,26
DA:559,26
DA:562,26
DA:566,6
FN:569,Auctions._transferERC721s
FNDA:272,Auctions._transferERC721s
DA:570,272
DA:571,272
DA:572,272
DA:573,272
DA:575,272
DA:576,272
DA:578,272
DA:579,806
DA:580,806
DA:581,806
FN:585,Auctions._transferERC1155s
FNDA:1,Auctions._transferERC1155s
DA:586,1
DA:587,1
DA:588,1
DA:589,1
DA:590,1
DA:592,1
DA:593,1
DA:594,1
DA:596,1
DA:597,3
DA:598,3
DA:600,3
DA:601,3
DA:602,3
DA:605,1
FN:608,Auctions._resetERC721s
FNDA:3,Auctions._resetERC721s
DA:609,3
DA:610,3
DA:612,3
DA:613,3
DA:615,3
DA:616,9
DA:617,9
FN:621,Auctions._resetERC1155s
FNDA:1,Auctions._resetERC1155s
DA:622,1
DA:623,1
DA:624,1
DA:625,1
DA:627,1
DA:628,1
DA:629,1
DA:631,1
DA:632,3
DA:633,3
DA:635,3
DA:636,3
DA:637,3
FN:641,Auctions._checkAndResetERC721s
FNDA:4,Auctions._checkAndResetERC721s
DA:642,4
DA:643,4
DA:645,4
DA:646,4
DA:648,4
DA:650,4
DA:651,12
DA:652,12
DA:654,12
FN:660,Auctions._checkAndResetERC1155s
FNDA:1,Auctions._checkAndResetERC1155s
DA:661,1
DA:662,1
DA:663,1
DA:664,1
DA:666,1
DA:667,1
DA:668,1
DA:670,1
DA:672,1
DA:673,3
DA:674,3
DA:676,3
DA:677,3
DA:678,3
DA:680,3
FN:686,Auctions._distributeRewards
FNDA:273,Auctions._distributeRewards
DA:687,273
DA:689,273
DA:690,644
DA:691,644
DA:693,644
BRDA:693,42,0,203
DA:695,203
DA:696,203
DA:701,273
FNF:35
FNH:29
LF:262
LH:250
BRF:16
BRH:14
end_of_record
TN:
SF:src/BidTicket.sol
FN:26,BidTicket.onlyMinters
FNDA:257,BidTicket.onlyMinters
DA:27,257
BRDA:27,0,0,248
DA:28,248
BRDA:28,1,0,1
DA:29,1
FN:35,BidTicket.onlyBurners
FNDA:3,BidTicket.onlyBurners
DA:36,3
BRDA:36,2,0,2
DA:37,2
BRDA:37,3,0,1
DA:38,1
FN:44,BidTicket.
FNDA:410,BidTicket.
DA:45,220
FN:48,BidTicket.name
FNDA:0,BidTicket.name
DA:49,0
FN:52,BidTicket.symbol
FNDA:0,BidTicket.symbol
DA:53,0
FN:56,BidTicket.uri
FNDA:1,BidTicket.uri
DA:57,2
FN:60,BidTicket.mint
FNDA:257,BidTicket.mint
DA:61,256
FN:64,BidTicket.mintBatch
FNDA:6,BidTicket.mintBatch
DA:65,5
FN:68,BidTicket.burn
FNDA:1473,BidTicket.burn
DA:69,1472
FN:72,BidTicket.burnBatch
FNDA:3,BidTicket.burnBatch
DA:73,2
FN:76,BidTicket.setURI
FNDA:2,BidTicket.setURI
DA:77,1
DA:78,1
FN:81,BidTicket.setHarvestContract
FNDA:35,BidTicket.setHarvestContract
DA:82,35
FN:85,BidTicket.setAuctionsContract
FNDA:85,BidTicket.setAuctionsContract
DA:86,85
FNF:13
FNH:11
LF:18
LH:16
BRF:4
BRH:4
end_of_record
TN:
SF:src/Harvest.sol
FN:38,Harvest.
FNDA:0,Harvest.
DA:39,0
DA:40,0
DA:41,0
FN:44,Harvest.batchTransfer
FNDA:11,Harvest.batchTransfer
DA:50,11
DA:52,11
BRDA:52,0,0,1
DA:53,1
DA:56,10
BRDA:56,1,0,1
DA:57,1
DA:60,9
DA:61,9
DA:62,9
DA:64,9
DA:65,221
DA:66,221
DA:67,221
DA:69,221
BRDA:69,2,0,-
BRDA:69,2,1,55
DA:71,1
DA:72,1
DA:74,1
DA:75,1
DA:76,220
BRDA:76,4,0,-
BRDA:76,4,1,55
DA:78,165
DA:79,165
DA:81,165
DA:82,55
BRDA:82,5,0,-
BRDA:82,5,1,55
DA:83,55
DA:85,55
DA:86,55
DA:88,55
DA:90,0
DA:94,9
BRDA:94,6,0,1
DA:95,1
DA:98,8
DA:100,8
DA:102,8
DA:103,8
FN:106,Harvest.setBarn
FNDA:9,Harvest.setBarn
DA:107,9
FN:110,Harvest.setPrice
FNDA:1,Harvest.setPrice
DA:111,1
FN:114,Harvest.setMaxTokensPerTx
FNDA:4,Harvest.setMaxTokensPerTx
DA:115,4
FN:118,Harvest.setBidTicketAddress
FNDA:1,Harvest.setBidTicketAddress
DA:119,1
FN:122,Harvest.setBidTicketTokenId
FNDA:1,Harvest.setBidTicketTokenId
DA:123,1
FN:126,Harvest.withdrawBalance
FNDA:2,Harvest.withdrawBalance
DA:127,1
DA:128,1
FN:133,Harvest.
FNDA:0,Harvest.
FNF:9
FNH:7
LF:43
LH:39
BRF:9
BRH:6
end_of_record
TN:
SF:test/BidTicket.t.sol
FN:11,MockHarvestContract.
FNDA:0,MockHarvestContract.
DA:12,0
FN:15,MockHarvestContract.mockMint
FNDA:1,MockHarvestContract.mockMint
DA:16,1
FN:19,MockHarvestContract.mockMintBatch
FNDA:1,MockHarvestContract.mockMintBatch
DA:20,1
FN:27,MockAuctionsContract.
FNDA:0,MockAuctionsContract.
DA:28,0
FN:31,MockAuctionsContract.mockBurn
FNDA:1,MockAuctionsContract.mockBurn
DA:32,1
FN:35,MockAuctionsContract.mockBurnBatch
FNDA:1,MockAuctionsContract.mockBurnBatch
DA:36,1
FNF:6
FNH:4
LF:6
LH:4
BRF:0
BRH:0
end_of_record
TN:
SF:test/lib/Mock1155.sol
FN:7,Mock1155.mint
FNDA:54,Mock1155.mint
DA:8,54
FN:11,Mock1155.mintBatch
FNDA:69,Mock1155.mintBatch
DA:12,69
FN:15,Mock1155.burn
FNDA:0,Mock1155.burn
DA:16,0
FN:19,Mock1155.burnBatch
FNDA:0,Mock1155.burnBatch
DA:20,0
FN:23,Mock1155.uri
FNDA:0,Mock1155.uri
DA:24,0
FNF:5
FNH:2
LF:5
LH:2
BRF:0
BRH:0
end_of_record
TN:
SF:test/lib/Mock20.sol
FN:6,MockERC20.
FNDA:0,MockERC20.
FN:8,MockERC20.mint
FNDA:18,MockERC20.mint
DA:9,18
FNF:2
FNH:1
LF:1
LH:1
BRF:0
BRH:0
end_of_record
TN:
SF:test/lib/Mock721.sol
FN:7,Mock721.
FNDA:0,Mock721.
FN:9,Mock721.mint
FNDA:87,Mock721.mint
DA:10,87
BRDA:10,0,0,-
BRDA:10,0,1,87
DA:12,87
DA:13,87
DA:15,87
DA:16,4290
DA:19,4290
FN:24,Mock721.tokenURI
FNDA:0,Mock721.tokenURI
DA:25,0
FNF:3
FNH:1
LF:7
LH:6
BRF:2
BRH:1
end_of_record
