TN:
SF:script/Auctions/Deploy.s.sol
FN:12,Deploy.run
FNDA:0,Deploy.run
DA:13,0
DA:14,0
DA:19,0
DA:21,0
FNF:1
FNH:0
LF:4
LH:0
BRF:0
BRH:0
end_of_record
TN:
SF:script/Auctions/DeployTestnet.s.sol
FN:10,DeployTestnet.run
FNDA:0,DeployTestnet.run
DA:11,0
DA:12,0
DA:14,0
DA:15,0
DA:16,0
DA:17,0
DA:18,0
DA:20,0
FNF:1
FNH:0
LF:8
LH:0
BRF:0
BRH:0
end_of_record
TN:
SF:script/BidTicket/Deploy.s.sol
FN:10,Deploy.run
FNDA:0,Deploy.run
DA:11,0
DA:12,0
DA:13,0
DA:15,0
DA:17,0
DA:18,0
DA:19,0
DA:20,0
DA:21,0
DA:22,0
DA:24,0
FNF:1
FNH:0
LF:11
LH:0
BRF:0
BRH:0
end_of_record
TN:
SF:script/BidTicket/DeployTestnet.s.sol
FN:10,DeployTestnet.run
FNDA:0,DeployTestnet.run
DA:11,0
DA:13,0
DA:15,0
DA:16,0
DA:17,0
DA:18,0
DA:20,0
FNF:1
FNH:0
LF:7
LH:0
BRF:0
BRH:0
end_of_record
TN:
SF:script/DeployAll.s.sol
FN:11,DeployAll.run
FNDA:0,DeployAll.run
DA:12,0
DA:13,0
DA:14,0
DA:16,0
DA:17,0
DA:18,0
FNF:1
FNH:0
LF:6
LH:0
BRF:0
BRH:0
end_of_record
TN:
SF:script/DeployAllTestnet.s.sol
FN:11,DeployAll.run
FNDA:0,DeployAll.run
DA:12,0
DA:13,0
DA:14,0
DA:16,0
DA:17,0
DA:18,0
FNF:1
FNH:0
LF:6
LH:0
BRF:0
BRH:0
end_of_record
TN:
SF:script/DeployMockNFTs.s.sol
FN:12,DeployMockNFTs.run
FNDA:0,DeployMockNFTs.run
DA:13,0
DA:15,0
DA:16,0
DA:17,0
DA:18,0
DA:20,0
DA:21,0
DA:22,0
DA:23,0
DA:25,0
FNF:1
FNH:0
LF:10
LH:0
BRF:0
BRH:0
end_of_record
TN:
SF:script/Factory.s.sol
FN:15,Factory.deploy
FNDA:0,Factory.deploy
DA:16,0
DA:17,0
DA:19,0
DA:21,0
DA:22,0
DA:24,0
DA:25,0
DA:26,0
DA:29,0
FNF:1
FNH:0
LF:9
LH:0
BRF:0
BRH:0
end_of_record
TN:
SF:script/Harvest/Deploy.s.sol
FN:12,Deploy.run
FNDA:0,Deploy.run
DA:13,0
DA:14,0
DA:19,0
DA:21,0
FNF:1
FNH:0
LF:4
LH:0
BRF:0
BRH:0
end_of_record
TN:
SF:script/Harvest/DeployTestnet.s.sol
FN:10,DeployTestnet.run
FNDA:0,DeployTestnet.run
DA:11,0
FNF:1
FNH:0
LF:1
LH:0
BRF:0
BRH:0
end_of_record
TN:
SF:src/Auctions.sol
FN:100,Auctions.
FNDA:0,Auctions.
DA:101,0
DA:102,0
DA:103,0
FN:115,Auctions.startAuctionERC721
FNDA:566,Auctions.startAuctionERC721
DA:120,566
DA:121,565
DA:122,564
DA:124,563
DA:126,563
DA:128,563
DA:129,563
DA:130,563
DA:131,563
DA:132,563
DA:133,563
DA:135,563
DA:137,563
DA:138,1677
DA:142,563
DA:145,563
DA:147,563
DA:149,562
FN:162,Auctions.startAuctionERC1155
FNDA:9,Auctions.startAuctionERC1155
DA:168,9
DA:169,8
DA:170,7
DA:172,6
DA:174,6
DA:176,6
DA:177,6
DA:178,6
DA:179,6
DA:180,6
DA:181,6
DA:183,6
DA:184,6
DA:186,6
DA:187,26
DA:188,26
DA:192,6
DA:195,6
DA:197,6
DA:199,6
FN:209,Auctions.bid
FNDA:374,Auctions.bid
DA:210,374
DA:212,374
DA:213,374
DA:214,374
DA:215,371
DA:217,370
BRDA:217,10,0,1
DA:218,1
DA:221,370
DA:223,370
DA:224,370
DA:225,370
DA:227,370
BRDA:227,11,0,370
DA:229,370
DA:231,370
BRDA:231,12,0,370
DA:232,370
DA:233,370
DA:236,370
DA:237,370
DA:241,370
DA:242,370
DA:244,370
DA:246,370
FN:256,Auctions.claim
FNDA:21,Auctions.claim
DA:257,21
DA:259,21
DA:260,18
DA:261,17
DA:263,16
DA:265,16
DA:267,16
DA:269,16
BRDA:269,16,0,15
BRDA:269,16,1,1
DA:270,15
DA:272,1
FN:283,Auctions.refund
FNDA:12,Auctions.refund
DA:284,12
DA:285,12
DA:286,12
DA:288,12
DA:289,9
DA:290,8
DA:291,7
DA:293,6
DA:295,6
DA:297,6
BRDA:297,21,0,5
BRDA:297,21,1,1
DA:298,5
DA:300,1
DA:304,6
FN:315,Auctions.abandon
FNDA:10,Auctions.abandon
DA:316,10
DA:317,10
DA:318,10
DA:320,10
DA:321,7
DA:323,5
DA:325,5
BRDA:325,24,0,4
BRDA:325,24,1,1
DA:326,4
DA:328,1
DA:331,5
DA:333,5
DA:335,5
DA:337,5
DA:338,5
FN:350,Auctions.withdraw
FNDA:8,Auctions.withdraw
DA:351,8
DA:353,8
DA:354,8
DA:356,8
DA:358,3
DA:359,3
DA:362,3
DA:363,3
FN:373,Auctions.withdrawBalance
FNDA:100,Auctions.withdrawBalance
DA:374,100
DA:376,100
DA:378,100
DA:380,100
DA:382,100
DA:383,100
FN:392,Auctions.getAuctionTokens
FNDA:2,Auctions.getAuctionTokens
DA:393,2
DA:395,2
DA:396,2
DA:398,2
DA:400,2
DA:401,6
DA:403,6
BRDA:403,30,0,-
BRDA:403,30,1,3
DA:404,3
DA:406,3
DA:410,2
FN:413,Auctions.getPendingRewards
FNDA:0,Auctions.getPendingRewards
DA:414,0
DA:416,0
DA:417,0
BRDA:417,31,0,-
DA:418,0
DA:422,0
FN:425,Auctions.getClaimedAuctions
FNDA:3,Auctions.getClaimedAuctions
DA:426,3
DA:427,3
DA:429,3
DA:430,13
BRDA:430,32,0,13
DA:431,13
DA:432,13
DA:437,3
DA:440,3
FN:443,Auctions.setBarnAddress
FNDA:2,Auctions.setBarnAddress
DA:444,1
FN:447,Auctions.setBidTicketAddress
FNDA:2,Auctions.setBidTicketAddress
DA:448,1
FN:451,Auctions.setBidTicketTokenId
FNDA:2,Auctions.setBidTicketTokenId
DA:452,1
FN:455,Auctions.setBidTicketCostStart
FNDA:0,Auctions.setBidTicketCostStart
DA:456,0
FN:459,Auctions.setBidTicketCostBid
FNDA:0,Auctions.setBidTicketCostBid
DA:460,0
FN:463,Auctions.setMaxTokens
FNDA:9,Auctions.setMaxTokens
DA:464,8
FN:467,Auctions.setMinStartingBid
FNDA:1,Auctions.setMinStartingBid
DA:468,1
FN:471,Auctions.setMinBidIncrement
FNDA:3,Auctions.setMinBidIncrement
DA:472,3
FN:475,Auctions.setAuctionDuration
FNDA:2,Auctions.setAuctionDuration
DA:476,1
FN:479,Auctions.setSettlementDuration
FNDA:2,Auctions.setSettlementDuration
DA:480,1
FN:483,Auctions.setAntiSnipeDuration
FNDA:0,Auctions.setAntiSnipeDuration
DA:484,0
FN:487,Auctions.setAbandonmentFeePercent
FNDA:0,Auctions.setAbandonmentFeePercent
DA:488,0
DA:489,0
FN:492,Auctions.setOutbidRewardPercent
FNDA:2,Auctions.setOutbidRewardPercent
DA:493,2
DA:494,2
FN:503,Auctions._processPayment
FNDA:939,Auctions._processPayment
DA:504,939
DA:505,939
DA:506,939
DA:508,939
BRDA:508,35,0,-
BRDA:508,35,1,939
DA:509,0
DA:510,0
DA:512,939
DA:513,939
DA:516,939
DA:518,939
BRDA:518,37,0,1
DA:519,1
FN:523,Auctions._validateAuctionTokensERC721
FNDA:562,Auctions._validateAuctionTokensERC721
DA:524,562
DA:526,562
DA:528,562
DA:529,1672
DA:533,1671
DA:535,1671
FN:539,Auctions._validateAuctionTokensERC1155
FNDA:6,Auctions._validateAuctionTokensERC1155
DA:544,6
DA:545,6
DA:546,6
DA:547,6
DA:548,6
DA:549,6
DA:551,6
DA:553,6
DA:554,26
DA:555,26
DA:557,26
DA:558,26
DA:559,26
DA:561,26
DA:564,26
DA:568,6
FN:571,Auctions._transferERC721s
FNDA:15,Auctions._transferERC721s
DA:572,15
DA:573,15
DA:574,15
DA:575,15
DA:577,15
DA:578,15
DA:580,15
DA:581,35
DA:582,35
DA:583,35
FN:587,Auctions._transferERC1155s
FNDA:1,Auctions._transferERC1155s
DA:588,1
DA:589,1
DA:590,1
DA:591,1
DA:592,1
DA:594,1
DA:595,1
DA:596,1
DA:598,1
DA:599,3
DA:600,3
DA:602,3
DA:603,3
DA:604,3
DA:607,1
FN:610,Auctions._resetERC721s
FNDA:4,Auctions._resetERC721s
DA:611,4
DA:612,4
DA:614,4
DA:615,4
DA:617,4
DA:618,12
DA:619,12
FN:623,Auctions._resetERC1155s
FNDA:1,Auctions._resetERC1155s
DA:624,1
DA:625,1
DA:626,1
DA:627,1
DA:629,1
DA:630,1
DA:631,1
DA:633,1
DA:634,3
DA:635,3
DA:637,3
DA:638,3
DA:639,3
FN:643,Auctions._checkAndResetERC721s
FNDA:5,Auctions._checkAndResetERC721s
DA:644,5
DA:645,5
DA:647,5
DA:648,5
DA:650,5
DA:652,5
DA:653,15
DA:654,15
DA:656,15
FN:662,Auctions._checkAndResetERC1155s
FNDA:1,Auctions._checkAndResetERC1155s
DA:663,1
DA:664,1
DA:665,1
DA:666,1
DA:668,1
DA:669,1
DA:670,1
DA:672,1
DA:674,1
DA:675,3
DA:676,3
DA:678,3
DA:679,3
DA:680,3
DA:682,3
FN:688,Auctions._distributeRewards
FNDA:16,Auctions._distributeRewards
DA:689,16
DA:690,107
DA:691,107
DA:693,107
BRDA:693,44,0,2
DA:695,2
FNF:35
FNH:29
LF:259
LH:244
BRF:17
BRH:14
end_of_record
TN:
SF:src/BidTicket.sol
FN:26,BidTicket.onlyMinters
FNDA:259,BidTicket.onlyMinters
DA:27,259
BRDA:27,0,0,250
DA:28,250
BRDA:28,1,0,1
DA:29,1
FN:35,BidTicket.onlyBurners
FNDA:3,BidTicket.onlyBurners
DA:36,3
BRDA:36,2,0,2
DA:37,2
BRDA:37,3,0,1
DA:38,1
FN:44,BidTicket.
FNDA:418,BidTicket.
DA:45,224
FN:48,BidTicket.name
FNDA:0,BidTicket.name
DA:49,0
FN:52,BidTicket.symbol
FNDA:0,BidTicket.symbol
DA:53,0
FN:56,BidTicket.uri
FNDA:1,BidTicket.uri
DA:57,2
FN:60,BidTicket.mint
FNDA:259,BidTicket.mint
DA:61,258
FN:64,BidTicket.mintBatch
FNDA:6,BidTicket.mintBatch
DA:65,5
FN:68,BidTicket.burn
FNDA:943,BidTicket.burn
DA:69,942
FN:72,BidTicket.burnBatch
FNDA:3,BidTicket.burnBatch
DA:73,2
FN:76,BidTicket.setURI
FNDA:2,BidTicket.setURI
DA:77,1
DA:78,1
FN:81,BidTicket.setHarvestContract
FNDA:35,BidTicket.setHarvestContract
DA:82,35
FN:85,BidTicket.setAuctionsContract
FNDA:87,BidTicket.setAuctionsContract
DA:86,87
FNF:13
FNH:11
LF:18
LH:16
BRF:4
BRH:4
end_of_record
TN:
SF:src/Harvest.sol
FN:38,Harvest.
FNDA:0,Harvest.
DA:39,0
DA:40,0
DA:41,0
FN:44,Harvest.batchTransfer
FNDA:11,Harvest.batchTransfer
DA:50,11
DA:52,11
BRDA:52,0,0,1
DA:53,1
DA:56,10
BRDA:56,1,0,1
DA:57,1
DA:60,9
DA:61,9
DA:62,9
DA:64,9
DA:65,221
DA:66,221
DA:67,221
DA:68,221
DA:70,221
DA:72,221
BRDA:72,2,0,-
BRDA:72,2,1,55
DA:74,1
DA:75,1
DA:77,1
DA:78,1
DA:79,220
BRDA:79,4,0,-
BRDA:79,4,1,55
DA:81,165
DA:82,165
DA:84,165
DA:85,55
BRDA:85,5,0,-
BRDA:85,5,1,55
DA:87,55
DA:88,55
DA:90,55
DA:92,0
DA:96,9
BRDA:96,6,0,1
DA:97,1
DA:100,8
DA:102,8
DA:104,8
DA:105,8
FN:108,Harvest.setBarn
FNDA:9,Harvest.setBarn
DA:109,9
FN:112,Harvest.setPrice
FNDA:1,Harvest.setPrice
DA:113,1
FN:116,Harvest.setMaxTokensPerTx
FNDA:4,Harvest.setMaxTokensPerTx
DA:117,4
FN:120,Harvest.setBidTicketAddress
FNDA:1,Harvest.setBidTicketAddress
DA:121,1
FN:124,Harvest.setBidTicketTokenId
FNDA:1,Harvest.setBidTicketTokenId
DA:125,1
FN:128,Harvest.withdrawBalance
FNDA:2,Harvest.withdrawBalance
DA:129,1
DA:130,1
FN:135,Harvest.
FNDA:0,Harvest.
FNF:9
FNH:7
LF:44
LH:40
BRF:9
BRH:6
end_of_record
TN:
SF:test/BidTicket.t.sol
FN:11,MockHarvestContract.
FNDA:0,MockHarvestContract.
DA:12,0
FN:15,MockHarvestContract.mockMint
FNDA:1,MockHarvestContract.mockMint
DA:16,1
FN:19,MockHarvestContract.mockMintBatch
FNDA:1,MockHarvestContract.mockMintBatch
DA:20,1
FN:27,MockAuctionsContract.
FNDA:0,MockAuctionsContract.
DA:28,0
FN:31,MockAuctionsContract.mockBurn
FNDA:1,MockAuctionsContract.mockBurn
DA:32,1
FN:35,MockAuctionsContract.mockBurnBatch
FNDA:1,MockAuctionsContract.mockBurnBatch
DA:36,1
FNF:6
FNH:4
LF:6
LH:4
BRF:0
BRH:0
end_of_record
TN:
SF:test/lib/Mock1155.sol
FN:7,Mock1155.mint
FNDA:54,Mock1155.mint
DA:8,54
FN:11,Mock1155.mintBatch
FNDA:71,Mock1155.mintBatch
DA:12,71
FN:15,Mock1155.burn
FNDA:0,Mock1155.burn
DA:16,0
FN:19,Mock1155.burnBatch
FNDA:0,Mock1155.burnBatch
DA:20,0
FN:23,Mock1155.uri
FNDA:0,Mock1155.uri
DA:24,0
FNF:5
FNH:2
LF:5
LH:2
BRF:0
BRH:0
end_of_record
TN:
SF:test/lib/Mock20.sol
FN:6,MockERC20.
FNDA:0,MockERC20.
FN:8,MockERC20.mint
FNDA:18,MockERC20.mint
DA:9,18
FNF:2
FNH:1
LF:1
LH:1
BRF:0
BRH:0
end_of_record
TN:
SF:test/lib/Mock721.sol
FN:7,Mock721.
FNDA:0,Mock721.
FN:9,Mock721.mint
FNDA:89,Mock721.mint
DA:10,89
BRDA:10,0,0,-
BRDA:10,0,1,89
DA:12,89
DA:13,89
DA:15,89
DA:16,4310
DA:19,4310
FN:24,Mock721.tokenURI
FNDA:0,Mock721.tokenURI
DA:25,0
FNF:3
FNH:1
LF:7
LH:6
BRF:2
BRH:1
end_of_record
